\BOOKMARK [0][-]{chapter.1}{Introduction}{}% 1
\BOOKMARK [1][-]{section.1.1}{Motivation}{chapter.1}% 2
\BOOKMARK [1][-]{section.1.2}{Project aims}{chapter.1}% 3
\BOOKMARK [1][-]{section.1.3}{Project Structure}{chapter.1}% 4
\BOOKMARK [0][-]{chapter.2}{Background}{}% 5
\BOOKMARK [1][-]{section.2.1}{The science of eye tracking}{chapter.2}% 6
\BOOKMARK [1][-]{section.2.2}{Data Processing and Analysis}{chapter.2}% 7
\BOOKMARK [2][-]{subsection.2.2.1}{Clustering}{section.2.2}% 8
\BOOKMARK [2][-]{subsection.2.2.2}{Dimensionality Reduction}{section.2.2}% 9
\BOOKMARK [2][-]{subsection.2.2.3}{Support Vector Machines}{section.2.2}% 10
\BOOKMARK [1][-]{section.2.3}{Previous Work}{chapter.2}% 11
\BOOKMARK [0][-]{chapter.3}{Approach}{}% 12
\BOOKMARK [1][-]{section.3.1}{Quality of the data, and it's effect on results}{chapter.3}% 13
\BOOKMARK [1][-]{section.3.2}{Data Preprocessing}{chapter.3}% 14
\BOOKMARK [1][-]{section.3.3}{Exploratory Data Analysis}{chapter.3}% 15
\BOOKMARK [2][-]{subsection.3.3.1}{Eye tracking overlay}{section.3.3}% 16
\BOOKMARK [2][-]{subsection.3.3.2}{Gaze Data Clustering}{section.3.3}% 17
\BOOKMARK [1][-]{section.3.4}{Feature Extraction}{chapter.3}% 18
\BOOKMARK [2][-]{subsection.3.4.1}{Definition of a fixation}{section.3.4}% 19
\BOOKMARK [2][-]{subsection.3.4.2}{Assigning clusters}{section.3.4}% 20
\BOOKMARK [2][-]{subsection.3.4.3}{Spatial features}{section.3.4}% 21
\BOOKMARK [2][-]{subsection.3.4.4}{Temporal Features}{section.3.4}% 22
\BOOKMARK [1][-]{section.3.5}{Dimensionality Reduction}{chapter.3}% 23
\BOOKMARK [2][-]{subsection.3.5.1}{t-SNE}{section.3.5}% 24
\BOOKMARK [2][-]{subsection.3.5.2}{PCA}{section.3.5}% 25
\BOOKMARK [1][-]{section.3.6}{Classification}{chapter.3}% 26
\BOOKMARK [2][-]{subsection.3.6.1}{Single-variable and pairwise classification}{section.3.6}% 27
\BOOKMARK [2][-]{subsection.3.6.2}{Sequential Forward Selection}{section.3.6}% 28
\BOOKMARK [2][-]{subsection.3.6.3}{Classification in Principal Component space}{section.3.6}% 29
\BOOKMARK [2][-]{subsection.3.6.4}{Configuring hyperparameters}{section.3.6}% 30
\BOOKMARK [0][-]{chapter.4}{Implementation}{}% 31
\BOOKMARK [1][-]{section.4.1}{Environment}{chapter.4}% 32
\BOOKMARK [2][-]{subsection.4.1.1}{MATLAB}{section.4.1}% 33
\BOOKMARK [1][-]{section.4.2}{Toolboxes and Libraries}{chapter.4}% 34
\BOOKMARK [2][-]{subsection.4.2.1}{Statistics and Machine Learning Toolbox}{section.4.2}% 35
\BOOKMARK [2][-]{subsection.4.2.2}{NETLAB}{section.4.2}% 36
\BOOKMARK [1][-]{section.4.3}{Algorithms}{chapter.4}% 37
\BOOKMARK [2][-]{subsection.4.3.1}{Data Preprocessing}{section.4.3}% 38
\BOOKMARK [2][-]{subsection.4.3.2}{Data Analysis}{section.4.3}% 39
\BOOKMARK [2][-]{subsection.4.3.3}{Dimensionality Reduction}{section.4.3}% 40
\BOOKMARK [2][-]{subsection.4.3.4}{Classification}{section.4.3}% 41
\BOOKMARK [0][-]{chapter.5}{Results}{}% 42
\BOOKMARK [1][-]{section.5.1}{Clustering}{chapter.5}% 43
\BOOKMARK [1][-]{section.5.2}{Feature Extraction}{chapter.5}% 44
\BOOKMARK [1][-]{section.5.3}{Dimensionality Reduction}{chapter.5}% 45
\BOOKMARK [1][-]{section.5.4}{Classification}{chapter.5}% 46
\BOOKMARK [2][-]{subsection.5.4.1}{Single variable classification}{section.5.4}% 47
\BOOKMARK [2][-]{subsection.5.4.2}{Pairwise classification}{section.5.4}% 48
\BOOKMARK [2][-]{subsection.5.4.3}{Sequential forward selection}{section.5.4}% 49
\BOOKMARK [2][-]{subsection.5.4.4}{Classification in PCA space}{section.5.4}% 50
\BOOKMARK [2][-]{subsection.5.4.5}{Configuring SVM hyperparameters}{section.5.4}% 51
\BOOKMARK [1][-]{section.5.5}{Results evaluation}{chapter.5}% 52
\BOOKMARK [0][-]{chapter.6}{Conclusion}{}% 53
\BOOKMARK [1][-]{section.6.1}{Reflection on Learning}{chapter.6}% 54
\BOOKMARK [0][-]{chapter.7}{Future Work}{}% 55
\BOOKMARK [0][-]{chapter.7}{Bibliography}{}% 56
